<?xml version="1.0" encoding="UTF-8"?>
<testng-results ignored="0" total="1" passed="1" failed="0" skipped="0">
  <reporter-output>
  </reporter-output>
  <suite started-at="2023-09-16T16:19:24 IST" name="Default suite" finished-at="2023-09-16T16:19:38 IST" duration-ms="14046">
    <groups>
      <group name="cucumber">
        <method signature="AbstractTestNGCucumberTests.runScenario(io.cucumber.testng.PickleWrapper,io.cucumber.testng.FeatureWrapper)[pri:0, instance:in.dBankDemo.Testscripts.TestRunner@644baf4a]" name="runScenario" class="io.cucumber.testng.AbstractTestNGCucumberTests"/>
      </group> <!-- cucumber -->
    </groups>
    <test started-at="2023-09-16T16:19:24 IST" name="Default test" finished-at="2023-09-16T16:19:38 IST" duration-ms="14046">
      <class name="in.dBankDemo.Testscripts.TestRunner">
        <test-method is-config="true" signature="setUpClass(org.testng.ITestContext)[pri:0, instance:in.dBankDemo.Testscripts.TestRunner@644baf4a]" started-at="2023-09-16T16:19:24 IST" name="setUpClass" finished-at="2023-09-16T16:19:24 IST" duration-ms="192" status="PASS">
          <params>
            <param index="0">
              <value>
                <![CDATA[org.testng.TestRunner@38ed139b]]>
              </value>
            </param>
          </params>
          <reporter-output>
          </reporter-output>
        </test-method> <!-- setUpClass -->
        <test-method signature="runScenario(io.cucumber.testng.PickleWrapper,io.cucumber.testng.FeatureWrapper)[pri:0, instance:in.dBankDemo.Testscripts.TestRunner@644baf4a]" started-at="2023-09-16T16:19:24 IST" name="runScenario" description="Runs Cucumber Scenarios" data-provider="scenarios" finished-at="2023-09-16T16:19:38 IST" duration-ms="13791" status="PASS">
          <params>
            <param index="0">
              <value>
                <![CDATA["Search by TRN no on View Checking Accounts."]]>
              </value>
            </param>
            <param index="1">
              <value>
                <![CDATA["Optional[Banking Test]"]]>
              </value>
            </param>
          </params>
          <reporter-output>
          </reporter-output>
        </test-method> <!-- runScenario -->
        <test-method is-config="true" signature="tearDownClass()[pri:0, instance:in.dBankDemo.Testscripts.TestRunner@644baf4a]" started-at="2023-09-16T16:19:38 IST" name="tearDownClass" finished-at="2023-09-16T16:19:38 IST" duration-ms="26" status="PASS">
          <reporter-output>
          </reporter-output>
        </test-method> <!-- tearDownClass -->
      </class> <!-- in.dBankDemo.Testscripts.TestRunner -->
    </test> <!-- Default test -->
  </suite> <!-- Default suite -->
</testng-results>
